Determining if the pthread_create exist failed with the following output:
Change Dir: /home/wbzhang/catkin_optflow/build/CMakeFiles/CMakeTmp

Run Build Command:"/usr/bin/ninja" "cmTC_78806"
[1/2] Building C object CMakeFiles/cmTC_78806.dir/CheckSymbolExists.c.o
[2/2] Linking C executable cmTC_78806
FAILED: cmTC_78806 
: && /usr/bin/gcc-7   -rdynamic CMakeFiles/cmTC_78806.dir/CheckSymbolExists.c.o  -o cmTC_78806   && :
CMakeFiles/cmTC_78806.dir/CheckSymbolExists.c.o：在函数‘main’中：
CheckSymbolExists.c:(.text+0x1b)：对‘pthread_create’未定义的引用
collect2: error: ld returned 1 exit status
ninja: build stopped: subcommand failed.

File /home/wbzhang/catkin_optflow/build/CMakeFiles/CMakeTmp/CheckSymbolExists.c:
/* */
#include <pthread.h>

int main(int argc, char** argv)
{
  (void)argv;
#ifndef pthread_create
  return ((int*)(&pthread_create))[argc];
#else
  (void)argc;
  return 0;
#endif
}

Determining if the function pthread_create exists in the pthreads failed with the following output:
Change Dir: /home/wbzhang/catkin_optflow/build/CMakeFiles/CMakeTmp

Run Build Command:"/usr/bin/ninja" "cmTC_20fd2"
[1/2] Building C object CMakeFiles/cmTC_20fd2.dir/CheckFunctionExists.c.o
[2/2] Linking C executable cmTC_20fd2
FAILED: cmTC_20fd2 
: && /usr/bin/gcc-7 -DCHECK_FUNCTION_EXISTS=pthread_create  -rdynamic CMakeFiles/cmTC_20fd2.dir/CheckFunctionExists.c.o  -o cmTC_20fd2  -lpthreads && :
/usr/bin/ld: 找不到 -lpthreads
collect2: error: ld returned 1 exit status
ninja: build stopped: subcommand failed.


