[36m--[0m CMAKE_MODULE_PATH=
/usr/local/lib/cmake/opencv4
[36m--[0m Boost version: 1.65.1
[36m--[0m Found the following Boost libraries:
[36m--[0m   system
[36m--[0m Using CATKIN_DEVEL_PREFIX: /home/wbzhang/catkin_optflow/devel/.private/optflow_obs
[36m--[0m Using CMAKE_PREFIX_PATH: /home/wbzhang/catkin_optflow/devel;/opt/ros/melodic
[36m--[0m This workspace overlays: /home/wbzhang/catkin_optflow/devel;/opt/ros/melodic
[36m--[0m Found PythonInterp: /usr/bin/python2 (found suitable version "2.7.17", minimum required is "2")
[36m--[0m Using PYTHON_EXECUTABLE: /usr/bin/python2
[36m--[0m Using Debian Python package layout
[36m--[0m Using empy: /usr/bin/empy
[36m--[0m Using CATKIN_ENABLE_TESTING: ON
[36m--[0m Call enable_testing()
[36m--[0m Using CATKIN_TEST_RESULTS_DIR: /home/wbzhang/catkin_optflow/build/optflow_obs/test_results
[36m--[0m Found gtest sources under '/usr/src/googletest': gtests will be built
[36m--[0m Found gmock sources under '/usr/src/googletest': gmock will be built
[36m--[0m Found PythonInterp: /usr/bin/python2 (found version "2.7.17")
[36m--[0m Using Python nosetests: /usr/bin/nosetests-2.7
[36m--[0m catkin 0.7.23
[36m--[0m BUILD_SHARED_LIBS is on
[36m--[0m Using these message generators: gencpp;geneus;genlisp;gennodejs;genpy
[36m--[0m Could NOT find cv_bridge (missing: cv_bridge_DIR)
[36m--[0m Could not find the required component 'cv_bridge'. The following CMake error indicates that you either need to install the package with the same name or change your environment so that it can be found.
[31m[1mCMake Error[0m at /opt/ros/melodic/share/catkin/cmake/catkinConfig.cmake:83 (find_package):
  Could not find a package configuration file provided by "cv_bridge" with
  any of the following names:

    cv_bridgeConfig.cmake
    cv_bridge-config.cmake

  Add the installation prefix of "cv_bridge" to CMAKE_PREFIX_PATH or set
  "cv_bridge_DIR" to a directory containing one of the above files.  If
  "cv_bridge" provides a separate development package or SDK, be sure it has
  been installed.
[36mCall Stack (most recent call first):[0m
  CMakeLists.txt:24 (find_package)


[36m--[0m Configuring incomplete, errors occurred!
See also "/home/wbzhang/catkin_optflow/build/optflow_obs/CMakeFiles/CMakeOutput.log".
See also "/home/wbzhang/catkin_optflow/build/optflow_obs/CMakeFiles/CMakeError.log".
Makefile:1138: recipe for target 'cmake_check_build_system' failed
make: *** [cmake_check_build_system] Error 1
